<?xml version="1.0" encoding="UTF-8"?>
<testng-results skipped="0" failed="2" ignored="0" total="4" passed="2">
  <reporter-output>
    <line>
      <![CDATA[This is the sample screenshot]]>
    </line>
    <line>
      <![CDATA[<a href='/home/maverick/git/YovoAndroidAutomation/Screenshots/Android_Redmi/2020-06-30-16-56-58/HomePageTest/testmethod.png'> <img src='/home/maverick/git/YovoAndroidAutomation/Screenshots/Android_Redmi/2020-06-30-16-56-58/HomePageTest/testmethod.png' height='400' width='400'/> </a>]]>
    </line>
    <line>
      <![CDATA[This is the sample screenshot]]>
    </line>
    <line>
      <![CDATA[<a href='/home/maverick/git/YovoAndroidAutomation/Screenshots/Android_Asus    Max Pro m1/2020-06-30-16-56-58/HomePageTest/testmethod.png'> <img src='/home/maverick/git/YovoAndroidAutomation/Screenshots/Android_Asus    Max Pro m1/2020-06-30-16-56-58/HomePageTest/testmethod.png' height='400' width='400'/> </a>]]>
    </line>
  </reporter-output>
  <suite name="Suite" duration-ms="67971" started-at="2020-06-30T11:26:57Z" finished-at="2020-06-30T11:28:05Z">
    <groups>
    </groups>
    <test name="Asus max pro m1" duration-ms="62844" started-at="2020-06-30T11:26:57Z" finished-at="2020-06-30T11:28:00Z">
      <class name="com.automation.tests.HomePageTest">
        <test-method status="PASS" signature="prepareTest(java.lang.String, int, java.lang.String, java.lang.String)[pri:0, instance:com.automation.tests.HomePageTest@73d6d0c]" name="prepareTest" is-config="true" duration-ms="14538" started-at="2020-06-30T16:56:57Z" finished-at="2020-06-30T16:57:12Z">
          <params>
            <param index="0">
              <value>
                <![CDATA[J7AAGF009641EL4]]>
              </value>
            </param>
            <param index="1">
              <value>
                <![CDATA[8000]]>
              </value>
            </param>
            <param index="2">
              <value>
                <![CDATA[Android]]>
              </value>
            </param>
            <param index="3">
              <value>
                <![CDATA[Asus    Max Pro m1]]>
              </value>
            </param>
          </params>
          <reporter-output>
          </reporter-output>
        </test-method> <!-- prepareTest -->
        <test-method status="FAIL" signature="testmethod()[pri:1, instance:com.automation.tests.HomePageTest@73d6d0c]" name="testmethod" duration-ms="16258" started-at="2020-06-30T16:57:12Z" finished-at="2020-06-30T16:57:28Z">
          <exception class="org.openqa.selenium.NoSuchElementException">
            <message>
              <![CDATA[Can't locate an element by this strategy: By.chained({By.xpath: //*[@class='android.widget.TextView'and @text='Top 80']})]]>
            </message>
            <full-stacktrace>
              <![CDATA[org.openqa.selenium.NoSuchElementException: Can't locate an element by this strategy: By.chained({By.xpath: //*[@class='android.widget.TextView'and @text='Top 80']})
	at io.appium.java_client.pagefactory.AppiumElementLocator.findElement(AppiumElementLocator.java:126)
	at io.appium.java_client.pagefactory.interceptors.InterceptorOfASingleElement.intercept(InterceptorOfASingleElement.java:59)
	at io.appium.java_client.android.AndroidElement$$EnhancerByCGLIB$$b598166c.isDisplayed(<generated>)
	at com.automation.pages.HomePage.validateTop50Txt(HomePage.java:148)
	at com.automation.tests.HomePageTest.testmethod(HomePageTest.java:81)
	at sun.reflect.NativeMethodAccessorImpl.invoke0(Native Method)
	at sun.reflect.NativeMethodAccessorImpl.invoke(NativeMethodAccessorImpl.java:62)
	at sun.reflect.DelegatingMethodAccessorImpl.invoke(DelegatingMethodAccessorImpl.java:43)
	at java.lang.reflect.Method.invoke(Method.java:498)
	at org.testng.internal.MethodInvocationHelper.invokeMethod(MethodInvocationHelper.java:108)
	at org.testng.internal.Invoker.invokeMethod(Invoker.java:661)
	at org.testng.internal.Invoker.invokeTestMethod(Invoker.java:869)
	at org.testng.internal.Invoker.invokeTestMethods(Invoker.java:1193)
	at org.testng.internal.TestMethodWorker.invokeTestMethods(TestMethodWorker.java:126)
	at org.testng.internal.TestMethodWorker.run(TestMethodWorker.java:109)
	at org.testng.TestRunner.privateRun(TestRunner.java:744)
	at org.testng.TestRunner.run(TestRunner.java:602)
	at org.testng.SuiteRunner.runTest(SuiteRunner.java:380)
	at org.testng.SuiteRunner.access$000(SuiteRunner.java:39)
	at org.testng.SuiteRunner$SuiteWorker.run(SuiteRunner.java:414)
	at org.testng.internal.thread.ThreadUtil$1.call(ThreadUtil.java:52)
	at java.util.concurrent.FutureTask.run(FutureTask.java:266)
	at java.util.concurrent.ThreadPoolExecutor.runWorker(ThreadPoolExecutor.java:1149)
	at java.util.concurrent.ThreadPoolExecutor$Worker.run(ThreadPoolExecutor.java:624)
	at java.lang.Thread.run(Thread.java:748)
Caused by: org.openqa.selenium.TimeoutException: Expected condition failed: waiting for io.appium.java_client.pagefactory.AppiumElementLocator$WaitingFunction@3beee95e (tried for 1 second(s) with 500 milliseconds interval)
	at org.openqa.selenium.support.ui.FluentWait.timeoutException(FluentWait.java:315)
	at org.openqa.selenium.support.ui.FluentWait.until(FluentWait.java:283)
	at io.appium.java_client.pagefactory.AppiumElementLocator.waitFor(AppiumElementLocator.java:99)
	at io.appium.java_client.pagefactory.AppiumElementLocator.findElement(AppiumElementLocator.java:119)
	... 24 more
Caused by: org.openqa.selenium.NoSuchElementException: Cannot locate an element using By.chained({By.xpath: //*[@class='android.widget.TextView'and @text='Top 80']})
For documentation on this error, please visit: http://seleniumhq.org/exceptions/no_such_element.html
Build info: version: '3.14.0', revision: 'aacccce0', time: '2018-08-02T20:19:58.91Z'
System info: host: 'workstation', ip: '127.0.1.1', os.name: 'Linux', os.arch: 'amd64', os.version: '4.15.0-106-generic', java.version: '1.8.0_181'
Driver info: driver.version: AndroidDriver
	at io.appium.java_client.pagefactory.bys.builder.ByChained.findElement(ByChained.java:74)
	at org.openqa.selenium.remote.RemoteWebDriver.findElement(RemoteWebDriver.java:314)
	at io.appium.java_client.DefaultGenericMobileDriver.findElement(DefaultGenericMobileDriver.java:58)
	at io.appium.java_client.AppiumDriver.findElement(AppiumDriver.java:1)
	at io.appium.java_client.android.AndroidDriver.findElement(AndroidDriver.java:1)
	at io.appium.java_client.pagefactory.bys.ContentMappedBy.findElement(ContentMappedBy.java:50)
	at org.openqa.selenium.remote.RemoteWebDriver.findElement(RemoteWebDriver.java:314)
	at io.appium.java_client.DefaultGenericMobileDriver.findElement(DefaultGenericMobileDriver.java:58)
	at io.appium.java_client.AppiumDriver.findElement(AppiumDriver.java:1)
	at io.appium.java_client.android.AndroidDriver.findElement(AndroidDriver.java:1)
	at io.appium.java_client.pagefactory.AppiumElementLocator.lambda$0(AppiumElementLocator.java:120)
	at io.appium.java_client.pagefactory.AppiumElementLocator$WaitingFunction.apply(AppiumElementLocator.java:172)
	at io.appium.java_client.pagefactory.AppiumElementLocator$WaitingFunction.apply(AppiumElementLocator.java:1)
	at org.openqa.selenium.support.ui.FluentWait.until(FluentWait.java:260)
	... 26 more
]]>
            </full-stacktrace>
          </exception> <!-- org.openqa.selenium.NoSuchElementException -->
          <reporter-output>
            <line>
              <![CDATA[This is the sample screenshot]]>
            </line>
            <line>
              <![CDATA[<a href='/home/maverick/git/YovoAndroidAutomation/Screenshots/Android_Asus    Max Pro m1/2020-06-30-16-56-58/HomePageTest/testmethod.png'> <img src='/home/maverick/git/YovoAndroidAutomation/Screenshots/Android_Asus    Max Pro m1/2020-06-30-16-56-58/HomePageTest/testmethod.png' height='400' width='400'/> </a>]]>
            </line>
          </reporter-output>
        </test-method> <!-- testmethod -->
        <test-method status="PASS" signature="tearDown(org.testng.ITestResult)[pri:0, instance:com.automation.tests.HomePageTest@73d6d0c]" name="tearDown" is-config="true" duration-ms="8594" started-at="2020-06-30T16:57:30Z" finished-at="2020-06-30T16:57:38Z">
          <params>
            <param index="0">
              <value>
                <![CDATA[[TestResult name=testmethod status=FAILURE method=HomePageTest.testmethod()[pri:1, instance:com.automation.tests.HomePageTest@73d6d0c] output=This is the sample screenshot]]]>
              </value>
            </param>
          </params>
          <reporter-output>
          </reporter-output>
        </test-method> <!-- tearDown -->
        <test-method status="PASS" signature="prepareTest(java.lang.String, int, java.lang.String, java.lang.String)[pri:0, instance:com.automation.tests.HomePageTest@73d6d0c]" name="prepareTest" is-config="true" duration-ms="10574" started-at="2020-06-30T16:57:38Z" finished-at="2020-06-30T16:57:49Z">
          <params>
            <param index="0">
              <value>
                <![CDATA[J7AAGF009641EL4]]>
              </value>
            </param>
            <param index="1">
              <value>
                <![CDATA[8000]]>
              </value>
            </param>
            <param index="2">
              <value>
                <![CDATA[Android]]>
              </value>
            </param>
            <param index="3">
              <value>
                <![CDATA[Asus    Max Pro m1]]>
              </value>
            </param>
          </params>
          <reporter-output>
          </reporter-output>
        </test-method> <!-- prepareTest -->
        <test-method status="PASS" signature="swipeToNxtVideoTest()[pri:2, instance:com.automation.tests.HomePageTest@73d6d0c]" name="swipeToNxtVideoTest" duration-ms="7856" started-at="2020-06-30T16:57:49Z" finished-at="2020-06-30T16:57:57Z">
          <reporter-output>
          </reporter-output>
        </test-method> <!-- swipeToNxtVideoTest -->
        <test-method status="PASS" signature="tearDown(org.testng.ITestResult)[pri:0, instance:com.automation.tests.HomePageTest@73d6d0c]" name="tearDown" is-config="true" duration-ms="3705" started-at="2020-06-30T16:57:57Z" finished-at="2020-06-30T16:58:00Z">
          <params>
            <param index="0">
              <value>
                <![CDATA[[TestResult name=swipeToNxtVideoTest status=SUCCESS method=HomePageTest.swipeToNxtVideoTest()[pri:2, instance:com.automation.tests.HomePageTest@73d6d0c] output={null}]]]>
              </value>
            </param>
          </params>
          <reporter-output>
          </reporter-output>
        </test-method> <!-- tearDown -->
      </class> <!-- com.automation.tests.HomePageTest -->
    </test> <!-- Asus max pro m1 -->
    <test name="Xiaomi" duration-ms="67954" started-at="2020-06-30T11:26:57Z" finished-at="2020-06-30T11:28:05Z">
      <class name="com.automation.tests.HomePageTest">
        <test-method status="PASS" signature="prepareTest(java.lang.String, int, java.lang.String, java.lang.String)[pri:0, instance:com.automation.tests.HomePageTest@1f14f20c]" name="prepareTest" is-config="true" duration-ms="20517" started-at="2020-06-30T16:56:57Z" finished-at="2020-06-30T16:57:18Z">
          <params>
            <param index="0">
              <value>
                <![CDATA[164cd41d9805]]>
              </value>
            </param>
            <param index="1">
              <value>
                <![CDATA[8001]]>
              </value>
            </param>
            <param index="2">
              <value>
                <![CDATA[Android]]>
              </value>
            </param>
            <param index="3">
              <value>
                <![CDATA[Redmi]]>
              </value>
            </param>
          </params>
          <reporter-output>
          </reporter-output>
        </test-method> <!-- prepareTest -->
        <test-method status="FAIL" signature="testmethod()[pri:1, instance:com.automation.tests.HomePageTest@1f14f20c]" name="testmethod" duration-ms="8277" started-at="2020-06-30T16:57:18Z" finished-at="2020-06-30T16:57:26Z">
          <exception class="org.openqa.selenium.NoSuchElementException">
            <message>
              <![CDATA[Can't locate an element by this strategy: By.chained({By.xpath: //*[@class='android.widget.TextView'and @text='Top 80']})]]>
            </message>
            <full-stacktrace>
              <![CDATA[org.openqa.selenium.NoSuchElementException: Can't locate an element by this strategy: By.chained({By.xpath: //*[@class='android.widget.TextView'and @text='Top 80']})
	at io.appium.java_client.pagefactory.AppiumElementLocator.findElement(AppiumElementLocator.java:126)
	at io.appium.java_client.pagefactory.interceptors.InterceptorOfASingleElement.intercept(InterceptorOfASingleElement.java:59)
	at io.appium.java_client.android.AndroidElement$$EnhancerByCGLIB$$b598166c.isDisplayed(<generated>)
	at com.automation.pages.HomePage.validateTop50Txt(HomePage.java:148)
	at com.automation.tests.HomePageTest.testmethod(HomePageTest.java:81)
	at sun.reflect.NativeMethodAccessorImpl.invoke0(Native Method)
	at sun.reflect.NativeMethodAccessorImpl.invoke(NativeMethodAccessorImpl.java:62)
	at sun.reflect.DelegatingMethodAccessorImpl.invoke(DelegatingMethodAccessorImpl.java:43)
	at java.lang.reflect.Method.invoke(Method.java:498)
	at org.testng.internal.MethodInvocationHelper.invokeMethod(MethodInvocationHelper.java:108)
	at org.testng.internal.Invoker.invokeMethod(Invoker.java:661)
	at org.testng.internal.Invoker.invokeTestMethod(Invoker.java:869)
	at org.testng.internal.Invoker.invokeTestMethods(Invoker.java:1193)
	at org.testng.internal.TestMethodWorker.invokeTestMethods(TestMethodWorker.java:126)
	at org.testng.internal.TestMethodWorker.run(TestMethodWorker.java:109)
	at org.testng.TestRunner.privateRun(TestRunner.java:744)
	at org.testng.TestRunner.run(TestRunner.java:602)
	at org.testng.SuiteRunner.runTest(SuiteRunner.java:380)
	at org.testng.SuiteRunner.access$000(SuiteRunner.java:39)
	at org.testng.SuiteRunner$SuiteWorker.run(SuiteRunner.java:414)
	at org.testng.internal.thread.ThreadUtil$1.call(ThreadUtil.java:52)
	at java.util.concurrent.FutureTask.run(FutureTask.java:266)
	at java.util.concurrent.ThreadPoolExecutor.runWorker(ThreadPoolExecutor.java:1149)
	at java.util.concurrent.ThreadPoolExecutor$Worker.run(ThreadPoolExecutor.java:624)
	at java.lang.Thread.run(Thread.java:748)
Caused by: org.openqa.selenium.TimeoutException: Expected condition failed: waiting for io.appium.java_client.pagefactory.AppiumElementLocator$WaitingFunction@c8b6efc (tried for 1 second(s) with 500 milliseconds interval)
	at org.openqa.selenium.support.ui.FluentWait.timeoutException(FluentWait.java:315)
	at org.openqa.selenium.support.ui.FluentWait.until(FluentWait.java:283)
	at io.appium.java_client.pagefactory.AppiumElementLocator.waitFor(AppiumElementLocator.java:99)
	at io.appium.java_client.pagefactory.AppiumElementLocator.findElement(AppiumElementLocator.java:119)
	... 24 more
Caused by: org.openqa.selenium.NoSuchElementException: Cannot locate an element using By.chained({By.xpath: //*[@class='android.widget.TextView'and @text='Top 80']})
For documentation on this error, please visit: http://seleniumhq.org/exceptions/no_such_element.html
Build info: version: '3.14.0', revision: 'aacccce0', time: '2018-08-02T20:19:58.91Z'
System info: host: 'workstation', ip: '127.0.1.1', os.name: 'Linux', os.arch: 'amd64', os.version: '4.15.0-106-generic', java.version: '1.8.0_181'
Driver info: driver.version: AndroidDriver
	at io.appium.java_client.pagefactory.bys.builder.ByChained.findElement(ByChained.java:74)
	at org.openqa.selenium.remote.RemoteWebDriver.findElement(RemoteWebDriver.java:314)
	at io.appium.java_client.DefaultGenericMobileDriver.findElement(DefaultGenericMobileDriver.java:58)
	at io.appium.java_client.AppiumDriver.findElement(AppiumDriver.java:1)
	at io.appium.java_client.android.AndroidDriver.findElement(AndroidDriver.java:1)
	at io.appium.java_client.pagefactory.bys.ContentMappedBy.findElement(ContentMappedBy.java:50)
	at org.openqa.selenium.remote.RemoteWebDriver.findElement(RemoteWebDriver.java:314)
	at io.appium.java_client.DefaultGenericMobileDriver.findElement(DefaultGenericMobileDriver.java:58)
	at io.appium.java_client.AppiumDriver.findElement(AppiumDriver.java:1)
	at io.appium.java_client.android.AndroidDriver.findElement(AndroidDriver.java:1)
	at io.appium.java_client.pagefactory.AppiumElementLocator.lambda$0(AppiumElementLocator.java:120)
	at io.appium.java_client.pagefactory.AppiumElementLocator$WaitingFunction.apply(AppiumElementLocator.java:172)
	at io.appium.java_client.pagefactory.AppiumElementLocator$WaitingFunction.apply(AppiumElementLocator.java:1)
	at org.openqa.selenium.support.ui.FluentWait.until(FluentWait.java:260)
	... 26 more
]]>
            </full-stacktrace>
          </exception> <!-- org.openqa.selenium.NoSuchElementException -->
          <reporter-output>
            <line>
              <![CDATA[This is the sample screenshot]]>
            </line>
            <line>
              <![CDATA[<a href='/home/maverick/git/YovoAndroidAutomation/Screenshots/Android_Redmi/2020-06-30-16-56-58/HomePageTest/testmethod.png'> <img src='/home/maverick/git/YovoAndroidAutomation/Screenshots/Android_Redmi/2020-06-30-16-56-58/HomePageTest/testmethod.png' height='400' width='400'/> </a>]]>
            </line>
          </reporter-output>
        </test-method> <!-- testmethod -->
        <test-method status="PASS" signature="tearDown(org.testng.ITestResult)[pri:0, instance:com.automation.tests.HomePageTest@1f14f20c]" name="tearDown" is-config="true" duration-ms="5102" started-at="2020-06-30T16:57:28Z" finished-at="2020-06-30T16:57:33Z">
          <params>
            <param index="0">
              <value>
                <![CDATA[[TestResult name=testmethod status=FAILURE method=HomePageTest.testmethod()[pri:1, instance:com.automation.tests.HomePageTest@1f14f20c] output=This is the sample screenshot]]]>
              </value>
            </param>
          </params>
          <reporter-output>
          </reporter-output>
        </test-method> <!-- tearDown -->
        <test-method status="PASS" signature="prepareTest(java.lang.String, int, java.lang.String, java.lang.String)[pri:0, instance:com.automation.tests.HomePageTest@1f14f20c]" name="prepareTest" is-config="true" duration-ms="19217" started-at="2020-06-30T16:57:33Z" finished-at="2020-06-30T16:57:52Z">
          <params>
            <param index="0">
              <value>
                <![CDATA[164cd41d9805]]>
              </value>
            </param>
            <param index="1">
              <value>
                <![CDATA[8001]]>
              </value>
            </param>
            <param index="2">
              <value>
                <![CDATA[Android]]>
              </value>
            </param>
            <param index="3">
              <value>
                <![CDATA[Redmi]]>
              </value>
            </param>
          </params>
          <reporter-output>
          </reporter-output>
        </test-method> <!-- prepareTest -->
        <test-method status="PASS" signature="swipeToNxtVideoTest()[pri:2, instance:com.automation.tests.HomePageTest@1f14f20c]" name="swipeToNxtVideoTest" duration-ms="8478" started-at="2020-06-30T16:57:52Z" finished-at="2020-06-30T16:58:01Z">
          <reporter-output>
          </reporter-output>
        </test-method> <!-- swipeToNxtVideoTest -->
        <test-method status="PASS" signature="tearDown(org.testng.ITestResult)[pri:0, instance:com.automation.tests.HomePageTest@1f14f20c]" name="tearDown" is-config="true" duration-ms="4555" started-at="2020-06-30T16:58:01Z" finished-at="2020-06-30T16:58:05Z">
          <params>
            <param index="0">
              <value>
                <![CDATA[[TestResult name=swipeToNxtVideoTest status=SUCCESS method=HomePageTest.swipeToNxtVideoTest()[pri:2, instance:com.automation.tests.HomePageTest@1f14f20c] output={null}]]]>
              </value>
            </param>
          </params>
          <reporter-output>
          </reporter-output>
        </test-method> <!-- tearDown -->
      </class> <!-- com.automation.tests.HomePageTest -->
    </test> <!-- Xiaomi -->
  </suite> <!-- Suite -->
</testng-results>
