<?xml version="1.0" encoding="UTF-8"?>
<!-- Generated by org.testng.reporters.JUnitReportReporter -->
<testsuite hostname="abhi-PC" failures="0" tests="3" name="com.automation.tests.LoginPageTest" time="0.001" errors="1" timestamp="28 May 2020 16:47:37 GMT" skipped="2">
  <testcase classname="com.automation.tests.LoginPageTest" name="setUpLoginPageClass" time="0.000">
    <error message="
Method setUpLoginPageClass requires 3 parameters but 2 were supplied in the BeforeClass annotation." type="org.testng.TestNGException">
      <![CDATA[org.testng.TestNGException: 
Method setUpLoginPageClass requires 3 parameters but 2 were supplied in the BeforeClass annotation.
	at org.testng.internal.Parameters.checkParameterTypes(Parameters.java:251)
	at org.testng.internal.Parameters.createParameters(Parameters.java:172)
	at org.testng.internal.Parameters.createParameters(Parameters.java:443)
	at org.testng.internal.Parameters.createConfigurationParameters(Parameters.java:118)
	at org.testng.internal.Invoker.invokeConfigurations(Invoker.java:206)
	at org.testng.internal.Invoker.invokeConfigurations(Invoker.java:146)
	at org.testng.internal.TestMethodWorker.invokeBeforeClassMethods(TestMethodWorker.java:166)
	at org.testng.internal.TestMethodWorker.run(TestMethodWorker.java:105)
	at org.testng.TestRunner.privateRun(TestRunner.java:744)
	at org.testng.TestRunner.run(TestRunner.java:602)
	at org.testng.SuiteRunner.runTest(SuiteRunner.java:380)
	at org.testng.SuiteRunner.access$000(SuiteRunner.java:39)
	at org.testng.SuiteRunner$SuiteWorker.run(SuiteRunner.java:414)
	at org.testng.internal.thread.ThreadUtil$1.call(ThreadUtil.java:52)
	at java.base/java.util.concurrent.FutureTask.run(FutureTask.java:264)
	at java.base/java.util.concurrent.ThreadPoolExecutor.runWorker(ThreadPoolExecutor.java:1128)
	at java.base/java.util.concurrent.ThreadPoolExecutor$Worker.run(ThreadPoolExecutor.java:628)
	at java.base/java.lang.Thread.run(Thread.java:830)
]]>
    </error>
  </testcase> <!-- setUpLoginPageClass -->
  <testcase classname="com.automation.tests.LoginPageTest" name="loginUsingOtpTest" time="0.001">
    <skipped/>
  </testcase> <!-- loginUsingOtpTest -->
  <testcase classname="com.automation.tests.LoginPageTest" name="logoutTest" time="0.000">
    <skipped/>
  </testcase> <!-- logoutTest -->
</testsuite> <!-- com.automation.tests.LoginPageTest -->
